[2025-05-14T03:42:24.771+0000] {taskinstance.py:1956} INFO - Dependencies all met for dep_context=non-requeueable deps ti=<TaskInstance: yellow_taxi_pipeline.transform_yellow_taxi_data manual__2025-05-14T03:42:21.447601+00:00 [queued]>
[2025-05-14T03:42:24.780+0000] {taskinstance.py:1956} INFO - Dependencies all met for dep_context=requeueable deps ti=<TaskInstance: yellow_taxi_pipeline.transform_yellow_taxi_data manual__2025-05-14T03:42:21.447601+00:00 [queued]>
[2025-05-14T03:42:24.781+0000] {taskinstance.py:2170} INFO - Starting attempt 1 of 1
[2025-05-14T03:42:24.794+0000] {taskinstance.py:2191} INFO - Executing <Task(BashOperator): transform_yellow_taxi_data> on 2025-05-14 03:42:21.447601+00:00
[2025-05-14T03:42:24.800+0000] {standard_task_runner.py:60} INFO - Started process 181 to run task
[2025-05-14T03:42:24.803+0000] {standard_task_runner.py:87} INFO - Running: ['***', 'tasks', 'run', 'yellow_taxi_pipeline', 'transform_yellow_taxi_data', 'manual__2025-05-14T03:42:21.447601+00:00', '--job-id', '3', '--raw', '--subdir', 'DAGS_FOLDER/taxi_ingestion_dag.py', '--cfg-path', '/tmp/tmpz885_h5o']
[2025-05-14T03:42:24.805+0000] {standard_task_runner.py:88} INFO - Job 3: Subtask transform_yellow_taxi_data
[2025-05-14T03:42:24.819+0000] {logging_mixin.py:188} WARNING - /home/***/.local/lib/python3.10/site-packages/***/settings.py:194 DeprecationWarning: The sql_alchemy_conn option in [core] has been moved to the sql_alchemy_conn option in [database] - the old setting has been used, but please update your config.
[2025-05-14T03:42:24.849+0000] {task_command.py:423} INFO - Running <TaskInstance: yellow_taxi_pipeline.transform_yellow_taxi_data manual__2025-05-14T03:42:21.447601+00:00 [running]> on host 3ac58829f4d4
[2025-05-14T03:42:24.919+0000] {taskinstance.py:2480} INFO - Exporting env vars: AIRFLOW_CTX_DAG_OWNER='***' AIRFLOW_CTX_DAG_ID='yellow_taxi_pipeline' AIRFLOW_CTX_TASK_ID='transform_yellow_taxi_data' AIRFLOW_CTX_EXECUTION_DATE='2025-05-14T03:42:21.447601+00:00' AIRFLOW_CTX_TRY_NUMBER='1' AIRFLOW_CTX_DAG_RUN_ID='manual__2025-05-14T03:42:21.447601+00:00'
[2025-05-14T03:42:24.920+0000] {subprocess.py:63} INFO - Tmp dir root location: /tmp
[2025-05-14T03:42:24.921+0000] {subprocess.py:75} INFO - Running command: ['/usr/bin/bash', '-c', 'PYTHONPATH=/opt/*** python /opt/***/scripts/run_transform_taxi.py']
[2025-05-14T03:42:24.931+0000] {subprocess.py:86} INFO - Output:
[2025-05-14T03:42:26.746+0000] {subprocess.py:93} INFO - Setting default log level to "WARN".
[2025-05-14T03:42:26.747+0000] {subprocess.py:93} INFO - To adjust logging level use sc.setLogLevel(newLevel). For SparkR, use setLogLevel(newLevel).
[2025-05-14T03:42:26.957+0000] {subprocess.py:93} INFO - 25/05/14 03:42:26 WARN NativeCodeLoader: Unable to load native-hadoop library for your platform... using builtin-java classes where applicable
[2025-05-14T03:42:27.951+0000] {subprocess.py:93} INFO - ❌ Le fichier data/raw/yellow_taxi/yellow_tripdata_2024-01.parquet n'existe pas.
[2025-05-14T03:42:28.411+0000] {subprocess.py:97} INFO - Command exited with return code 0
[2025-05-14T03:42:28.433+0000] {taskinstance.py:1138} INFO - Marking task as SUCCESS. dag_id=yellow_taxi_pipeline, task_id=transform_yellow_taxi_data, execution_date=20250514T034221, start_date=20250514T034224, end_date=20250514T034228
[2025-05-14T03:42:28.467+0000] {local_task_job_runner.py:234} INFO - Task exited with return code 0
[2025-05-14T03:42:28.481+0000] {taskinstance.py:3280} INFO - 0 downstream tasks scheduled from follow-on schedule check
