[2025-05-14T02:50:04.990+0000] {processor.py:161} INFO - Started process (PID=167) to work on /opt/airflow/dags/taxi_ingestion_dag.py
[2025-05-14T02:50:04.991+0000] {processor.py:830} INFO - Processing file /opt/airflow/dags/taxi_ingestion_dag.py for tasks to queue
[2025-05-14T02:50:04.992+0000] {logging_mixin.py:188} INFO - [2025-05-14T02:50:04.991+0000] {dagbag.py:538} INFO - Filling up the DagBag from /opt/airflow/dags/taxi_ingestion_dag.py
[2025-05-14T02:50:05.019+0000] {processor.py:840} INFO - DAG(s) 'yellow_taxi_pipeline' retrieved from /opt/airflow/dags/taxi_ingestion_dag.py
[2025-05-14T02:50:05.307+0000] {logging_mixin.py:188} INFO - [2025-05-14T02:50:05.307+0000] {override.py:1769} INFO - Created Permission View: can read on DAG:yellow_taxi_pipeline
[2025-05-14T02:50:05.317+0000] {logging_mixin.py:188} INFO - [2025-05-14T02:50:05.317+0000] {override.py:1769} INFO - Created Permission View: can edit on DAG:yellow_taxi_pipeline
[2025-05-14T02:50:05.324+0000] {logging_mixin.py:188} INFO - [2025-05-14T02:50:05.324+0000] {override.py:1769} INFO - Created Permission View: can delete on DAG:yellow_taxi_pipeline
[2025-05-14T02:50:05.325+0000] {logging_mixin.py:188} INFO - [2025-05-14T02:50:05.325+0000] {dag.py:3036} INFO - Sync 1 DAGs
[2025-05-14T02:50:05.335+0000] {logging_mixin.py:188} INFO - [2025-05-14T02:50:05.335+0000] {dag.py:3058} INFO - Creating ORM DAG for yellow_taxi_pipeline
[2025-05-14T02:50:05.336+0000] {logging_mixin.py:188} INFO - [2025-05-14T02:50:05.336+0000] {dag.py:3823} INFO - Setting next_dagrun for yellow_taxi_pipeline to None, run_after=None
[2025-05-14T02:50:05.358+0000] {processor.py:183} INFO - Processing /opt/airflow/dags/taxi_ingestion_dag.py took 0.371 seconds
[2025-05-14T02:50:35.502+0000] {processor.py:161} INFO - Started process (PID=178) to work on /opt/airflow/dags/taxi_ingestion_dag.py
[2025-05-14T02:50:35.503+0000] {processor.py:830} INFO - Processing file /opt/airflow/dags/taxi_ingestion_dag.py for tasks to queue
[2025-05-14T02:50:35.503+0000] {logging_mixin.py:188} INFO - [2025-05-14T02:50:35.503+0000] {dagbag.py:538} INFO - Filling up the DagBag from /opt/airflow/dags/taxi_ingestion_dag.py
[2025-05-14T02:50:35.524+0000] {processor.py:840} INFO - DAG(s) 'yellow_taxi_pipeline' retrieved from /opt/airflow/dags/taxi_ingestion_dag.py
[2025-05-14T02:50:35.546+0000] {logging_mixin.py:188} INFO - [2025-05-14T02:50:35.545+0000] {dag.py:3036} INFO - Sync 1 DAGs
[2025-05-14T02:50:35.555+0000] {logging_mixin.py:188} INFO - [2025-05-14T02:50:35.555+0000] {dag.py:3823} INFO - Setting next_dagrun for yellow_taxi_pipeline to None, run_after=None
[2025-05-14T02:50:35.574+0000] {processor.py:183} INFO - Processing /opt/airflow/dags/taxi_ingestion_dag.py took 0.075 seconds
[2025-05-14T02:51:05.649+0000] {processor.py:161} INFO - Started process (PID=183) to work on /opt/airflow/dags/taxi_ingestion_dag.py
[2025-05-14T02:51:05.649+0000] {processor.py:830} INFO - Processing file /opt/airflow/dags/taxi_ingestion_dag.py for tasks to queue
[2025-05-14T02:51:05.650+0000] {logging_mixin.py:188} INFO - [2025-05-14T02:51:05.650+0000] {dagbag.py:538} INFO - Filling up the DagBag from /opt/airflow/dags/taxi_ingestion_dag.py
[2025-05-14T02:51:05.674+0000] {processor.py:840} INFO - DAG(s) 'yellow_taxi_pipeline' retrieved from /opt/airflow/dags/taxi_ingestion_dag.py
[2025-05-14T02:51:05.700+0000] {logging_mixin.py:188} INFO - [2025-05-14T02:51:05.700+0000] {dag.py:3036} INFO - Sync 1 DAGs
[2025-05-14T02:51:05.713+0000] {logging_mixin.py:188} INFO - [2025-05-14T02:51:05.712+0000] {dag.py:3823} INFO - Setting next_dagrun for yellow_taxi_pipeline to None, run_after=None
[2025-05-14T02:51:05.735+0000] {processor.py:183} INFO - Processing /opt/airflow/dags/taxi_ingestion_dag.py took 0.090 seconds
[2025-05-14T02:51:35.848+0000] {processor.py:161} INFO - Started process (PID=188) to work on /opt/airflow/dags/taxi_ingestion_dag.py
[2025-05-14T02:51:35.849+0000] {processor.py:830} INFO - Processing file /opt/airflow/dags/taxi_ingestion_dag.py for tasks to queue
[2025-05-14T02:51:35.850+0000] {logging_mixin.py:188} INFO - [2025-05-14T02:51:35.850+0000] {dagbag.py:538} INFO - Filling up the DagBag from /opt/airflow/dags/taxi_ingestion_dag.py
[2025-05-14T02:51:35.869+0000] {processor.py:840} INFO - DAG(s) 'yellow_taxi_pipeline' retrieved from /opt/airflow/dags/taxi_ingestion_dag.py
[2025-05-14T02:51:35.891+0000] {logging_mixin.py:188} INFO - [2025-05-14T02:51:35.891+0000] {dag.py:3036} INFO - Sync 1 DAGs
[2025-05-14T02:51:35.902+0000] {logging_mixin.py:188} INFO - [2025-05-14T02:51:35.902+0000] {dag.py:3823} INFO - Setting next_dagrun for yellow_taxi_pipeline to None, run_after=None
[2025-05-14T02:51:35.919+0000] {processor.py:183} INFO - Processing /opt/airflow/dags/taxi_ingestion_dag.py took 0.073 seconds
[2025-05-14T02:51:53.968+0000] {processor.py:161} INFO - Started process (PID=193) to work on /opt/airflow/dags/taxi_ingestion_dag.py
[2025-05-14T02:51:53.969+0000] {processor.py:830} INFO - Processing file /opt/airflow/dags/taxi_ingestion_dag.py for tasks to queue
[2025-05-14T02:51:53.970+0000] {logging_mixin.py:188} INFO - [2025-05-14T02:51:53.969+0000] {dagbag.py:538} INFO - Filling up the DagBag from /opt/airflow/dags/taxi_ingestion_dag.py
[2025-05-14T02:51:53.982+0000] {logging_mixin.py:188} INFO - [2025-05-14T02:51:53.981+0000] {dagbag.py:348} ERROR - Failed to import: /opt/airflow/dags/taxi_ingestion_dag.py
Traceback (most recent call last):
  File "/home/airflow/.local/lib/python3.10/site-packages/airflow/models/dagbag.py", line 344, in parse
    loader.exec_module(new_module)
  File "<frozen importlib._bootstrap_external>", line 879, in exec_module
  File "<frozen importlib._bootstrap_external>", line 1017, in get_code
  File "<frozen importlib._bootstrap_external>", line 947, in source_to_code
  File "<frozen importlib._bootstrap>", line 241, in _call_with_frames_removed
  File "/opt/airflow/dags/taxi_ingestion_dag.py", line 34
    task_id="transform_yellow_taxi_data",
IndentationError: unexpected indent
[2025-05-14T02:51:53.982+0000] {processor.py:842} WARNING - No viable dags retrieved from /opt/airflow/dags/taxi_ingestion_dag.py
[2025-05-14T02:51:54.000+0000] {processor.py:183} INFO - Processing /opt/airflow/dags/taxi_ingestion_dag.py took 0.035 seconds
[2025-05-14T02:51:55.022+0000] {processor.py:161} INFO - Started process (PID=198) to work on /opt/airflow/dags/taxi_ingestion_dag.py
[2025-05-14T02:51:55.023+0000] {processor.py:830} INFO - Processing file /opt/airflow/dags/taxi_ingestion_dag.py for tasks to queue
[2025-05-14T02:51:55.024+0000] {logging_mixin.py:188} INFO - [2025-05-14T02:51:55.024+0000] {dagbag.py:538} INFO - Filling up the DagBag from /opt/airflow/dags/taxi_ingestion_dag.py
[2025-05-14T02:51:55.053+0000] {processor.py:840} INFO - DAG(s) 'yellow_taxi_pipeline' retrieved from /opt/airflow/dags/taxi_ingestion_dag.py
[2025-05-14T02:51:55.080+0000] {logging_mixin.py:188} INFO - [2025-05-14T02:51:55.080+0000] {dag.py:3036} INFO - Sync 1 DAGs
[2025-05-14T02:51:55.092+0000] {logging_mixin.py:188} INFO - [2025-05-14T02:51:55.092+0000] {dag.py:3823} INFO - Setting next_dagrun for yellow_taxi_pipeline to None, run_after=None
[2025-05-14T02:51:55.118+0000] {processor.py:183} INFO - Processing /opt/airflow/dags/taxi_ingestion_dag.py took 0.099 seconds
[2025-05-14T02:51:58.055+0000] {processor.py:161} INFO - Started process (PID=203) to work on /opt/airflow/dags/taxi_ingestion_dag.py
[2025-05-14T02:51:58.056+0000] {processor.py:830} INFO - Processing file /opt/airflow/dags/taxi_ingestion_dag.py for tasks to queue
[2025-05-14T02:51:58.057+0000] {logging_mixin.py:188} INFO - [2025-05-14T02:51:58.057+0000] {dagbag.py:538} INFO - Filling up the DagBag from /opt/airflow/dags/taxi_ingestion_dag.py
[2025-05-14T02:51:58.069+0000] {logging_mixin.py:188} INFO - [2025-05-14T02:51:58.068+0000] {dagbag.py:348} ERROR - Failed to import: /opt/airflow/dags/taxi_ingestion_dag.py
Traceback (most recent call last):
  File "/home/airflow/.local/lib/python3.10/site-packages/airflow/models/dagbag.py", line 344, in parse
    loader.exec_module(new_module)
  File "<frozen importlib._bootstrap_external>", line 879, in exec_module
  File "<frozen importlib._bootstrap_external>", line 1017, in get_code
  File "<frozen importlib._bootstrap_external>", line 947, in source_to_code
  File "<frozen importlib._bootstrap>", line 241, in _call_with_frames_removed
  File "/opt/airflow/dags/taxi_ingestion_dag.py", line 33
    transform_task = BashOperator(
                                  ^
IndentationError: unindent does not match any outer indentation level
[2025-05-14T02:51:58.069+0000] {processor.py:842} WARNING - No viable dags retrieved from /opt/airflow/dags/taxi_ingestion_dag.py
[2025-05-14T02:51:58.087+0000] {processor.py:183} INFO - Processing /opt/airflow/dags/taxi_ingestion_dag.py took 0.035 seconds
[2025-05-14T02:52:02.090+0000] {processor.py:161} INFO - Started process (PID=208) to work on /opt/airflow/dags/taxi_ingestion_dag.py
[2025-05-14T02:52:02.091+0000] {processor.py:830} INFO - Processing file /opt/airflow/dags/taxi_ingestion_dag.py for tasks to queue
[2025-05-14T02:52:02.092+0000] {logging_mixin.py:188} INFO - [2025-05-14T02:52:02.092+0000] {dagbag.py:538} INFO - Filling up the DagBag from /opt/airflow/dags/taxi_ingestion_dag.py
[2025-05-14T02:52:02.119+0000] {processor.py:840} INFO - DAG(s) 'yellow_taxi_pipeline' retrieved from /opt/airflow/dags/taxi_ingestion_dag.py
[2025-05-14T02:52:02.140+0000] {logging_mixin.py:188} INFO - [2025-05-14T02:52:02.140+0000] {dag.py:3036} INFO - Sync 1 DAGs
[2025-05-14T02:52:02.151+0000] {logging_mixin.py:188} INFO - [2025-05-14T02:52:02.150+0000] {dag.py:3823} INFO - Setting next_dagrun for yellow_taxi_pipeline to None, run_after=None
[2025-05-14T02:52:02.173+0000] {processor.py:183} INFO - Processing /opt/airflow/dags/taxi_ingestion_dag.py took 0.085 seconds
[2025-05-14T02:52:30.274+0000] {processor.py:161} INFO - Started process (PID=213) to work on /opt/airflow/dags/taxi_ingestion_dag.py
[2025-05-14T02:52:30.274+0000] {processor.py:830} INFO - Processing file /opt/airflow/dags/taxi_ingestion_dag.py for tasks to queue
[2025-05-14T02:52:30.275+0000] {logging_mixin.py:188} INFO - [2025-05-14T02:52:30.275+0000] {dagbag.py:538} INFO - Filling up the DagBag from /opt/airflow/dags/taxi_ingestion_dag.py
[2025-05-14T02:52:30.301+0000] {processor.py:840} INFO - DAG(s) 'yellow_taxi_pipeline' retrieved from /opt/airflow/dags/taxi_ingestion_dag.py
[2025-05-14T02:52:30.387+0000] {logging_mixin.py:188} INFO - [2025-05-14T02:52:30.387+0000] {dag.py:3036} INFO - Sync 1 DAGs
[2025-05-14T02:52:30.399+0000] {logging_mixin.py:188} INFO - [2025-05-14T02:52:30.398+0000] {dag.py:3823} INFO - Setting next_dagrun for yellow_taxi_pipeline to None, run_after=None
[2025-05-14T02:52:30.426+0000] {processor.py:183} INFO - Processing /opt/airflow/dags/taxi_ingestion_dag.py took 0.156 seconds
[2025-05-14T02:53:03.511+0000] {processor.py:161} INFO - Started process (PID=168) to work on /opt/airflow/dags/taxi_ingestion_dag.py
[2025-05-14T02:53:03.513+0000] {processor.py:830} INFO - Processing file /opt/airflow/dags/taxi_ingestion_dag.py for tasks to queue
[2025-05-14T02:53:03.514+0000] {logging_mixin.py:188} INFO - [2025-05-14T02:53:03.514+0000] {dagbag.py:538} INFO - Filling up the DagBag from /opt/airflow/dags/taxi_ingestion_dag.py
[2025-05-14T02:53:03.555+0000] {processor.py:840} INFO - DAG(s) 'yellow_taxi_pipeline' retrieved from /opt/airflow/dags/taxi_ingestion_dag.py
[2025-05-14T02:53:03.846+0000] {logging_mixin.py:188} INFO - [2025-05-14T02:53:03.846+0000] {override.py:1769} INFO - Created Permission View: can delete on DAG:yellow_taxi_pipeline
[2025-05-14T02:53:03.856+0000] {logging_mixin.py:188} INFO - [2025-05-14T02:53:03.855+0000] {override.py:1769} INFO - Created Permission View: can edit on DAG:yellow_taxi_pipeline
[2025-05-14T02:53:03.864+0000] {logging_mixin.py:188} INFO - [2025-05-14T02:53:03.864+0000] {override.py:1769} INFO - Created Permission View: can read on DAG:yellow_taxi_pipeline
[2025-05-14T02:53:03.864+0000] {logging_mixin.py:188} INFO - [2025-05-14T02:53:03.864+0000] {dag.py:3036} INFO - Sync 1 DAGs
[2025-05-14T02:53:03.874+0000] {logging_mixin.py:188} INFO - [2025-05-14T02:53:03.874+0000] {dag.py:3058} INFO - Creating ORM DAG for yellow_taxi_pipeline
[2025-05-14T02:53:03.875+0000] {logging_mixin.py:188} INFO - [2025-05-14T02:53:03.875+0000] {dag.py:3823} INFO - Setting next_dagrun for yellow_taxi_pipeline to None, run_after=None
[2025-05-14T02:53:03.895+0000] {processor.py:183} INFO - Processing /opt/airflow/dags/taxi_ingestion_dag.py took 0.387 seconds
[2025-05-14T02:53:34.044+0000] {processor.py:161} INFO - Started process (PID=178) to work on /opt/airflow/dags/taxi_ingestion_dag.py
[2025-05-14T02:53:34.045+0000] {processor.py:830} INFO - Processing file /opt/airflow/dags/taxi_ingestion_dag.py for tasks to queue
[2025-05-14T02:53:34.045+0000] {logging_mixin.py:188} INFO - [2025-05-14T02:53:34.045+0000] {dagbag.py:538} INFO - Filling up the DagBag from /opt/airflow/dags/taxi_ingestion_dag.py
[2025-05-14T02:53:34.064+0000] {processor.py:840} INFO - DAG(s) 'yellow_taxi_pipeline' retrieved from /opt/airflow/dags/taxi_ingestion_dag.py
[2025-05-14T02:53:34.088+0000] {logging_mixin.py:188} INFO - [2025-05-14T02:53:34.088+0000] {dag.py:3036} INFO - Sync 1 DAGs
[2025-05-14T02:53:34.100+0000] {logging_mixin.py:188} INFO - [2025-05-14T02:53:34.100+0000] {dag.py:3823} INFO - Setting next_dagrun for yellow_taxi_pipeline to None, run_after=None
[2025-05-14T02:53:34.117+0000] {processor.py:183} INFO - Processing /opt/airflow/dags/taxi_ingestion_dag.py took 0.076 seconds
[2025-05-14T02:54:04.188+0000] {processor.py:161} INFO - Started process (PID=183) to work on /opt/airflow/dags/taxi_ingestion_dag.py
[2025-05-14T02:54:04.189+0000] {processor.py:830} INFO - Processing file /opt/airflow/dags/taxi_ingestion_dag.py for tasks to queue
[2025-05-14T02:54:04.190+0000] {logging_mixin.py:188} INFO - [2025-05-14T02:54:04.189+0000] {dagbag.py:538} INFO - Filling up the DagBag from /opt/airflow/dags/taxi_ingestion_dag.py
[2025-05-14T02:54:04.212+0000] {processor.py:840} INFO - DAG(s) 'yellow_taxi_pipeline' retrieved from /opt/airflow/dags/taxi_ingestion_dag.py
[2025-05-14T02:54:04.239+0000] {logging_mixin.py:188} INFO - [2025-05-14T02:54:04.238+0000] {dag.py:3036} INFO - Sync 1 DAGs
[2025-05-14T02:54:04.251+0000] {logging_mixin.py:188} INFO - [2025-05-14T02:54:04.251+0000] {dag.py:3823} INFO - Setting next_dagrun for yellow_taxi_pipeline to None, run_after=None
[2025-05-14T02:54:04.269+0000] {processor.py:183} INFO - Processing /opt/airflow/dags/taxi_ingestion_dag.py took 0.085 seconds
[2025-05-14T02:56:40.310+0000] {processor.py:161} INFO - Started process (PID=168) to work on /opt/airflow/dags/taxi_ingestion_dag.py
[2025-05-14T02:56:40.312+0000] {processor.py:830} INFO - Processing file /opt/airflow/dags/taxi_ingestion_dag.py for tasks to queue
[2025-05-14T02:56:40.313+0000] {logging_mixin.py:188} INFO - [2025-05-14T02:56:40.312+0000] {dagbag.py:538} INFO - Filling up the DagBag from /opt/airflow/dags/taxi_ingestion_dag.py
[2025-05-14T02:56:40.340+0000] {processor.py:840} INFO - DAG(s) 'yellow_taxi_pipeline' retrieved from /opt/airflow/dags/taxi_ingestion_dag.py
[2025-05-14T02:56:40.364+0000] {logging_mixin.py:188} INFO - [2025-05-14T02:56:40.364+0000] {dag.py:3036} INFO - Sync 1 DAGs
[2025-05-14T02:56:40.377+0000] {logging_mixin.py:188} INFO - [2025-05-14T02:56:40.376+0000] {dag.py:3823} INFO - Setting next_dagrun for yellow_taxi_pipeline to None, run_after=None
[2025-05-14T02:56:40.397+0000] {processor.py:183} INFO - Processing /opt/airflow/dags/taxi_ingestion_dag.py took 0.090 seconds
[2025-05-14T02:57:10.482+0000] {processor.py:161} INFO - Started process (PID=208) to work on /opt/airflow/dags/taxi_ingestion_dag.py
[2025-05-14T02:57:10.483+0000] {processor.py:830} INFO - Processing file /opt/airflow/dags/taxi_ingestion_dag.py for tasks to queue
[2025-05-14T02:57:10.484+0000] {logging_mixin.py:188} INFO - [2025-05-14T02:57:10.484+0000] {dagbag.py:538} INFO - Filling up the DagBag from /opt/airflow/dags/taxi_ingestion_dag.py
[2025-05-14T02:57:10.505+0000] {processor.py:840} INFO - DAG(s) 'yellow_taxi_pipeline' retrieved from /opt/airflow/dags/taxi_ingestion_dag.py
[2025-05-14T02:57:10.681+0000] {logging_mixin.py:188} INFO - [2025-05-14T02:57:10.681+0000] {dag.py:3036} INFO - Sync 1 DAGs
[2025-05-14T02:57:10.691+0000] {logging_mixin.py:188} INFO - [2025-05-14T02:57:10.691+0000] {dag.py:3823} INFO - Setting next_dagrun for yellow_taxi_pipeline to None, run_after=None
[2025-05-14T02:57:10.708+0000] {processor.py:183} INFO - Processing /opt/airflow/dags/taxi_ingestion_dag.py took 0.229 seconds
[2025-05-14T02:57:40.848+0000] {processor.py:161} INFO - Started process (PID=213) to work on /opt/airflow/dags/taxi_ingestion_dag.py
[2025-05-14T02:57:40.849+0000] {processor.py:830} INFO - Processing file /opt/airflow/dags/taxi_ingestion_dag.py for tasks to queue
[2025-05-14T02:57:40.851+0000] {logging_mixin.py:188} INFO - [2025-05-14T02:57:40.850+0000] {dagbag.py:538} INFO - Filling up the DagBag from /opt/airflow/dags/taxi_ingestion_dag.py
[2025-05-14T02:57:40.874+0000] {processor.py:840} INFO - DAG(s) 'yellow_taxi_pipeline' retrieved from /opt/airflow/dags/taxi_ingestion_dag.py
[2025-05-14T02:57:40.904+0000] {logging_mixin.py:188} INFO - [2025-05-14T02:57:40.903+0000] {dag.py:3036} INFO - Sync 1 DAGs
[2025-05-14T02:57:40.916+0000] {logging_mixin.py:188} INFO - [2025-05-14T02:57:40.916+0000] {dag.py:3823} INFO - Setting next_dagrun for yellow_taxi_pipeline to None, run_after=None
[2025-05-14T02:57:40.938+0000] {processor.py:183} INFO - Processing /opt/airflow/dags/taxi_ingestion_dag.py took 0.093 seconds
[2025-05-14T02:58:10.985+0000] {processor.py:161} INFO - Started process (PID=218) to work on /opt/airflow/dags/taxi_ingestion_dag.py
[2025-05-14T02:58:10.986+0000] {processor.py:830} INFO - Processing file /opt/airflow/dags/taxi_ingestion_dag.py for tasks to queue
[2025-05-14T02:58:10.987+0000] {logging_mixin.py:188} INFO - [2025-05-14T02:58:10.987+0000] {dagbag.py:538} INFO - Filling up the DagBag from /opt/airflow/dags/taxi_ingestion_dag.py
[2025-05-14T02:58:11.009+0000] {processor.py:840} INFO - DAG(s) 'yellow_taxi_pipeline' retrieved from /opt/airflow/dags/taxi_ingestion_dag.py
[2025-05-14T02:58:11.035+0000] {logging_mixin.py:188} INFO - [2025-05-14T02:58:11.034+0000] {dag.py:3036} INFO - Sync 1 DAGs
[2025-05-14T02:58:11.051+0000] {logging_mixin.py:188} INFO - [2025-05-14T02:58:11.051+0000] {dag.py:3823} INFO - Setting next_dagrun for yellow_taxi_pipeline to None, run_after=None
[2025-05-14T02:58:11.072+0000] {processor.py:183} INFO - Processing /opt/airflow/dags/taxi_ingestion_dag.py took 0.089 seconds
[2025-05-14T02:58:37.197+0000] {processor.py:161} INFO - Started process (PID=223) to work on /opt/airflow/dags/taxi_ingestion_dag.py
[2025-05-14T02:58:37.198+0000] {processor.py:830} INFO - Processing file /opt/airflow/dags/taxi_ingestion_dag.py for tasks to queue
[2025-05-14T02:58:37.200+0000] {logging_mixin.py:188} INFO - [2025-05-14T02:58:37.200+0000] {dagbag.py:538} INFO - Filling up the DagBag from /opt/airflow/dags/taxi_ingestion_dag.py
[2025-05-14T02:58:37.232+0000] {processor.py:840} INFO - DAG(s) 'yellow_taxi_pipeline' retrieved from /opt/airflow/dags/taxi_ingestion_dag.py
[2025-05-14T02:58:37.268+0000] {logging_mixin.py:188} INFO - [2025-05-14T02:58:37.268+0000] {dag.py:3036} INFO - Sync 1 DAGs
[2025-05-14T02:58:37.288+0000] {logging_mixin.py:188} INFO - [2025-05-14T02:58:37.288+0000] {dag.py:3823} INFO - Setting next_dagrun for yellow_taxi_pipeline to None, run_after=None
[2025-05-14T02:58:37.316+0000] {processor.py:183} INFO - Processing /opt/airflow/dags/taxi_ingestion_dag.py took 0.123 seconds
[2025-05-14T02:59:09.625+0000] {processor.py:161} INFO - Started process (PID=168) to work on /opt/airflow/dags/taxi_ingestion_dag.py
[2025-05-14T02:59:09.627+0000] {processor.py:830} INFO - Processing file /opt/airflow/dags/taxi_ingestion_dag.py for tasks to queue
[2025-05-14T02:59:09.628+0000] {logging_mixin.py:188} INFO - [2025-05-14T02:59:09.628+0000] {dagbag.py:538} INFO - Filling up the DagBag from /opt/airflow/dags/taxi_ingestion_dag.py
[2025-05-14T02:59:09.696+0000] {processor.py:840} INFO - DAG(s) 'yellow_taxi_pipeline' retrieved from /opt/airflow/dags/taxi_ingestion_dag.py
[2025-05-14T02:59:09.948+0000] {logging_mixin.py:188} INFO - [2025-05-14T02:59:09.947+0000] {override.py:1769} INFO - Created Permission View: can delete on DAG:yellow_taxi_pipeline
[2025-05-14T02:59:09.957+0000] {logging_mixin.py:188} INFO - [2025-05-14T02:59:09.957+0000] {override.py:1769} INFO - Created Permission View: can edit on DAG:yellow_taxi_pipeline
[2025-05-14T02:59:09.964+0000] {logging_mixin.py:188} INFO - [2025-05-14T02:59:09.964+0000] {override.py:1769} INFO - Created Permission View: can read on DAG:yellow_taxi_pipeline
[2025-05-14T02:59:09.965+0000] {logging_mixin.py:188} INFO - [2025-05-14T02:59:09.965+0000] {dag.py:3036} INFO - Sync 1 DAGs
[2025-05-14T02:59:09.974+0000] {logging_mixin.py:188} INFO - [2025-05-14T02:59:09.974+0000] {dag.py:3058} INFO - Creating ORM DAG for yellow_taxi_pipeline
[2025-05-14T02:59:09.975+0000] {logging_mixin.py:188} INFO - [2025-05-14T02:59:09.975+0000] {dag.py:3823} INFO - Setting next_dagrun for yellow_taxi_pipeline to None, run_after=None
[2025-05-14T02:59:09.995+0000] {processor.py:183} INFO - Processing /opt/airflow/dags/taxi_ingestion_dag.py took 0.374 seconds
[2025-05-14T02:59:40.134+0000] {processor.py:161} INFO - Started process (PID=208) to work on /opt/airflow/dags/taxi_ingestion_dag.py
[2025-05-14T02:59:40.134+0000] {processor.py:830} INFO - Processing file /opt/airflow/dags/taxi_ingestion_dag.py for tasks to queue
[2025-05-14T02:59:40.135+0000] {logging_mixin.py:188} INFO - [2025-05-14T02:59:40.135+0000] {dagbag.py:538} INFO - Filling up the DagBag from /opt/airflow/dags/taxi_ingestion_dag.py
[2025-05-14T02:59:40.156+0000] {processor.py:840} INFO - DAG(s) 'yellow_taxi_pipeline' retrieved from /opt/airflow/dags/taxi_ingestion_dag.py
[2025-05-14T02:59:40.178+0000] {logging_mixin.py:188} INFO - [2025-05-14T02:59:40.178+0000] {dag.py:3036} INFO - Sync 1 DAGs
[2025-05-14T02:59:40.191+0000] {logging_mixin.py:188} INFO - [2025-05-14T02:59:40.190+0000] {dag.py:3823} INFO - Setting next_dagrun for yellow_taxi_pipeline to None, run_after=None
[2025-05-14T02:59:40.210+0000] {processor.py:183} INFO - Processing /opt/airflow/dags/taxi_ingestion_dag.py took 0.080 seconds
[2025-05-14T03:00:10.262+0000] {processor.py:161} INFO - Started process (PID=213) to work on /opt/airflow/dags/taxi_ingestion_dag.py
[2025-05-14T03:00:10.263+0000] {processor.py:830} INFO - Processing file /opt/airflow/dags/taxi_ingestion_dag.py for tasks to queue
[2025-05-14T03:00:10.264+0000] {logging_mixin.py:188} INFO - [2025-05-14T03:00:10.264+0000] {dagbag.py:538} INFO - Filling up the DagBag from /opt/airflow/dags/taxi_ingestion_dag.py
[2025-05-14T03:00:10.283+0000] {processor.py:840} INFO - DAG(s) 'yellow_taxi_pipeline' retrieved from /opt/airflow/dags/taxi_ingestion_dag.py
[2025-05-14T03:00:10.307+0000] {logging_mixin.py:188} INFO - [2025-05-14T03:00:10.307+0000] {dag.py:3036} INFO - Sync 1 DAGs
[2025-05-14T03:00:10.332+0000] {logging_mixin.py:188} INFO - [2025-05-14T03:00:10.332+0000] {dag.py:3823} INFO - Setting next_dagrun for yellow_taxi_pipeline to None, run_after=None
[2025-05-14T03:00:10.359+0000] {processor.py:183} INFO - Processing /opt/airflow/dags/taxi_ingestion_dag.py took 0.099 seconds
[2025-05-14T03:00:40.484+0000] {processor.py:161} INFO - Started process (PID=218) to work on /opt/airflow/dags/taxi_ingestion_dag.py
[2025-05-14T03:00:40.484+0000] {processor.py:830} INFO - Processing file /opt/airflow/dags/taxi_ingestion_dag.py for tasks to queue
[2025-05-14T03:00:40.485+0000] {logging_mixin.py:188} INFO - [2025-05-14T03:00:40.485+0000] {dagbag.py:538} INFO - Filling up the DagBag from /opt/airflow/dags/taxi_ingestion_dag.py
[2025-05-14T03:00:40.505+0000] {processor.py:840} INFO - DAG(s) 'yellow_taxi_pipeline' retrieved from /opt/airflow/dags/taxi_ingestion_dag.py
[2025-05-14T03:00:40.529+0000] {logging_mixin.py:188} INFO - [2025-05-14T03:00:40.529+0000] {dag.py:3036} INFO - Sync 1 DAGs
[2025-05-14T03:00:40.542+0000] {logging_mixin.py:188} INFO - [2025-05-14T03:00:40.541+0000] {dag.py:3823} INFO - Setting next_dagrun for yellow_taxi_pipeline to None, run_after=None
[2025-05-14T03:00:40.561+0000] {processor.py:183} INFO - Processing /opt/airflow/dags/taxi_ingestion_dag.py took 0.080 seconds
[2025-05-14T03:01:10.644+0000] {processor.py:161} INFO - Started process (PID=223) to work on /opt/airflow/dags/taxi_ingestion_dag.py
[2025-05-14T03:01:10.645+0000] {processor.py:830} INFO - Processing file /opt/airflow/dags/taxi_ingestion_dag.py for tasks to queue
[2025-05-14T03:01:10.645+0000] {logging_mixin.py:188} INFO - [2025-05-14T03:01:10.645+0000] {dagbag.py:538} INFO - Filling up the DagBag from /opt/airflow/dags/taxi_ingestion_dag.py
[2025-05-14T03:01:10.665+0000] {processor.py:840} INFO - DAG(s) 'yellow_taxi_pipeline' retrieved from /opt/airflow/dags/taxi_ingestion_dag.py
[2025-05-14T03:01:10.692+0000] {logging_mixin.py:188} INFO - [2025-05-14T03:01:10.692+0000] {dag.py:3036} INFO - Sync 1 DAGs
[2025-05-14T03:01:10.706+0000] {logging_mixin.py:188} INFO - [2025-05-14T03:01:10.706+0000] {dag.py:3823} INFO - Setting next_dagrun for yellow_taxi_pipeline to None, run_after=None
[2025-05-14T03:01:10.726+0000] {processor.py:183} INFO - Processing /opt/airflow/dags/taxi_ingestion_dag.py took 0.085 seconds
[2025-05-14T03:02:07.612+0000] {processor.py:161} INFO - Started process (PID=168) to work on /opt/airflow/dags/taxi_ingestion_dag.py
[2025-05-14T03:02:07.613+0000] {processor.py:830} INFO - Processing file /opt/airflow/dags/taxi_ingestion_dag.py for tasks to queue
[2025-05-14T03:02:07.614+0000] {logging_mixin.py:188} INFO - [2025-05-14T03:02:07.614+0000] {dagbag.py:538} INFO - Filling up the DagBag from /opt/airflow/dags/taxi_ingestion_dag.py
[2025-05-14T03:02:07.650+0000] {processor.py:840} INFO - DAG(s) 'yellow_taxi_pipeline' retrieved from /opt/airflow/dags/taxi_ingestion_dag.py
[2025-05-14T03:02:07.863+0000] {logging_mixin.py:188} INFO - [2025-05-14T03:02:07.862+0000] {override.py:1769} INFO - Created Permission View: can read on DAG:yellow_taxi_pipeline
[2025-05-14T03:02:07.872+0000] {logging_mixin.py:188} INFO - [2025-05-14T03:02:07.872+0000] {override.py:1769} INFO - Created Permission View: can delete on DAG:yellow_taxi_pipeline
[2025-05-14T03:02:07.879+0000] {logging_mixin.py:188} INFO - [2025-05-14T03:02:07.879+0000] {override.py:1769} INFO - Created Permission View: can edit on DAG:yellow_taxi_pipeline
[2025-05-14T03:02:07.879+0000] {logging_mixin.py:188} INFO - [2025-05-14T03:02:07.879+0000] {dag.py:3036} INFO - Sync 1 DAGs
[2025-05-14T03:02:07.891+0000] {logging_mixin.py:188} INFO - [2025-05-14T03:02:07.891+0000] {dag.py:3058} INFO - Creating ORM DAG for yellow_taxi_pipeline
[2025-05-14T03:02:07.892+0000] {logging_mixin.py:188} INFO - [2025-05-14T03:02:07.892+0000] {dag.py:3823} INFO - Setting next_dagrun for yellow_taxi_pipeline to None, run_after=None
[2025-05-14T03:02:07.915+0000] {processor.py:183} INFO - Processing /opt/airflow/dags/taxi_ingestion_dag.py took 0.306 seconds
[2025-05-14T03:02:38.052+0000] {processor.py:161} INFO - Started process (PID=208) to work on /opt/airflow/dags/taxi_ingestion_dag.py
[2025-05-14T03:02:38.053+0000] {processor.py:830} INFO - Processing file /opt/airflow/dags/taxi_ingestion_dag.py for tasks to queue
[2025-05-14T03:02:38.054+0000] {logging_mixin.py:188} INFO - [2025-05-14T03:02:38.054+0000] {dagbag.py:538} INFO - Filling up the DagBag from /opt/airflow/dags/taxi_ingestion_dag.py
[2025-05-14T03:02:38.076+0000] {processor.py:840} INFO - DAG(s) 'yellow_taxi_pipeline' retrieved from /opt/airflow/dags/taxi_ingestion_dag.py
[2025-05-14T03:02:38.098+0000] {logging_mixin.py:188} INFO - [2025-05-14T03:02:38.098+0000] {dag.py:3036} INFO - Sync 1 DAGs
[2025-05-14T03:02:38.109+0000] {logging_mixin.py:188} INFO - [2025-05-14T03:02:38.109+0000] {dag.py:3823} INFO - Setting next_dagrun for yellow_taxi_pipeline to None, run_after=None
[2025-05-14T03:02:38.126+0000] {processor.py:183} INFO - Processing /opt/airflow/dags/taxi_ingestion_dag.py took 0.077 seconds
[2025-05-14T03:03:08.185+0000] {processor.py:161} INFO - Started process (PID=213) to work on /opt/airflow/dags/taxi_ingestion_dag.py
[2025-05-14T03:03:08.186+0000] {processor.py:830} INFO - Processing file /opt/airflow/dags/taxi_ingestion_dag.py for tasks to queue
[2025-05-14T03:03:08.187+0000] {logging_mixin.py:188} INFO - [2025-05-14T03:03:08.186+0000] {dagbag.py:538} INFO - Filling up the DagBag from /opt/airflow/dags/taxi_ingestion_dag.py
[2025-05-14T03:03:08.208+0000] {processor.py:840} INFO - DAG(s) 'yellow_taxi_pipeline' retrieved from /opt/airflow/dags/taxi_ingestion_dag.py
[2025-05-14T03:03:08.233+0000] {logging_mixin.py:188} INFO - [2025-05-14T03:03:08.233+0000] {dag.py:3036} INFO - Sync 1 DAGs
[2025-05-14T03:03:08.245+0000] {logging_mixin.py:188} INFO - [2025-05-14T03:03:08.245+0000] {dag.py:3823} INFO - Setting next_dagrun for yellow_taxi_pipeline to None, run_after=None
[2025-05-14T03:03:08.263+0000] {processor.py:183} INFO - Processing /opt/airflow/dags/taxi_ingestion_dag.py took 0.081 seconds
[2025-05-14T03:03:38.403+0000] {processor.py:161} INFO - Started process (PID=218) to work on /opt/airflow/dags/taxi_ingestion_dag.py
[2025-05-14T03:03:38.403+0000] {processor.py:830} INFO - Processing file /opt/airflow/dags/taxi_ingestion_dag.py for tasks to queue
[2025-05-14T03:03:38.404+0000] {logging_mixin.py:188} INFO - [2025-05-14T03:03:38.404+0000] {dagbag.py:538} INFO - Filling up the DagBag from /opt/airflow/dags/taxi_ingestion_dag.py
[2025-05-14T03:03:38.423+0000] {processor.py:840} INFO - DAG(s) 'yellow_taxi_pipeline' retrieved from /opt/airflow/dags/taxi_ingestion_dag.py
[2025-05-14T03:03:38.442+0000] {logging_mixin.py:188} INFO - [2025-05-14T03:03:38.442+0000] {dag.py:3036} INFO - Sync 1 DAGs
[2025-05-14T03:03:38.456+0000] {logging_mixin.py:188} INFO - [2025-05-14T03:03:38.455+0000] {dag.py:3823} INFO - Setting next_dagrun for yellow_taxi_pipeline to None, run_after=None
[2025-05-14T03:03:38.480+0000] {processor.py:183} INFO - Processing /opt/airflow/dags/taxi_ingestion_dag.py took 0.079 seconds
[2025-05-14T03:04:08.557+0000] {processor.py:161} INFO - Started process (PID=223) to work on /opt/airflow/dags/taxi_ingestion_dag.py
[2025-05-14T03:04:08.558+0000] {processor.py:830} INFO - Processing file /opt/airflow/dags/taxi_ingestion_dag.py for tasks to queue
[2025-05-14T03:04:08.559+0000] {logging_mixin.py:188} INFO - [2025-05-14T03:04:08.558+0000] {dagbag.py:538} INFO - Filling up the DagBag from /opt/airflow/dags/taxi_ingestion_dag.py
[2025-05-14T03:04:08.580+0000] {processor.py:840} INFO - DAG(s) 'yellow_taxi_pipeline' retrieved from /opt/airflow/dags/taxi_ingestion_dag.py
[2025-05-14T03:04:08.607+0000] {logging_mixin.py:188} INFO - [2025-05-14T03:04:08.606+0000] {dag.py:3036} INFO - Sync 1 DAGs
[2025-05-14T03:04:08.621+0000] {logging_mixin.py:188} INFO - [2025-05-14T03:04:08.621+0000] {dag.py:3823} INFO - Setting next_dagrun for yellow_taxi_pipeline to None, run_after=None
[2025-05-14T03:04:08.642+0000] {processor.py:183} INFO - Processing /opt/airflow/dags/taxi_ingestion_dag.py took 0.088 seconds
[2025-05-14T03:04:38.750+0000] {processor.py:161} INFO - Started process (PID=228) to work on /opt/airflow/dags/taxi_ingestion_dag.py
[2025-05-14T03:04:38.751+0000] {processor.py:830} INFO - Processing file /opt/airflow/dags/taxi_ingestion_dag.py for tasks to queue
[2025-05-14T03:04:38.751+0000] {logging_mixin.py:188} INFO - [2025-05-14T03:04:38.751+0000] {dagbag.py:538} INFO - Filling up the DagBag from /opt/airflow/dags/taxi_ingestion_dag.py
[2025-05-14T03:04:38.772+0000] {processor.py:840} INFO - DAG(s) 'yellow_taxi_pipeline' retrieved from /opt/airflow/dags/taxi_ingestion_dag.py
[2025-05-14T03:04:38.795+0000] {logging_mixin.py:188} INFO - [2025-05-14T03:04:38.795+0000] {dag.py:3036} INFO - Sync 1 DAGs
[2025-05-14T03:04:38.807+0000] {logging_mixin.py:188} INFO - [2025-05-14T03:04:38.807+0000] {dag.py:3823} INFO - Setting next_dagrun for yellow_taxi_pipeline to None, run_after=None
[2025-05-14T03:04:38.825+0000] {processor.py:183} INFO - Processing /opt/airflow/dags/taxi_ingestion_dag.py took 0.078 seconds
[2025-05-14T03:05:23.822+0000] {processor.py:161} INFO - Started process (PID=168) to work on /opt/airflow/dags/taxi_ingestion_dag.py
[2025-05-14T03:05:23.823+0000] {processor.py:830} INFO - Processing file /opt/airflow/dags/taxi_ingestion_dag.py for tasks to queue
[2025-05-14T03:05:23.824+0000] {logging_mixin.py:188} INFO - [2025-05-14T03:05:23.824+0000] {dagbag.py:538} INFO - Filling up the DagBag from /opt/airflow/dags/taxi_ingestion_dag.py
[2025-05-14T03:05:23.852+0000] {processor.py:840} INFO - DAG(s) 'yellow_taxi_pipeline' retrieved from /opt/airflow/dags/taxi_ingestion_dag.py
[2025-05-14T03:05:24.064+0000] {logging_mixin.py:188} INFO - [2025-05-14T03:05:24.064+0000] {override.py:1769} INFO - Created Permission View: can read on DAG:yellow_taxi_pipeline
[2025-05-14T03:05:24.074+0000] {logging_mixin.py:188} INFO - [2025-05-14T03:05:24.074+0000] {override.py:1769} INFO - Created Permission View: can edit on DAG:yellow_taxi_pipeline
[2025-05-14T03:05:24.081+0000] {logging_mixin.py:188} INFO - [2025-05-14T03:05:24.081+0000] {override.py:1769} INFO - Created Permission View: can delete on DAG:yellow_taxi_pipeline
[2025-05-14T03:05:24.082+0000] {logging_mixin.py:188} INFO - [2025-05-14T03:05:24.082+0000] {dag.py:3036} INFO - Sync 1 DAGs
[2025-05-14T03:05:24.092+0000] {logging_mixin.py:188} INFO - [2025-05-14T03:05:24.092+0000] {dag.py:3058} INFO - Creating ORM DAG for yellow_taxi_pipeline
[2025-05-14T03:05:24.093+0000] {logging_mixin.py:188} INFO - [2025-05-14T03:05:24.093+0000] {dag.py:3823} INFO - Setting next_dagrun for yellow_taxi_pipeline to None, run_after=None
[2025-05-14T03:05:24.115+0000] {processor.py:183} INFO - Processing /opt/airflow/dags/taxi_ingestion_dag.py took 0.296 seconds
[2025-05-14T03:05:54.266+0000] {processor.py:161} INFO - Started process (PID=208) to work on /opt/airflow/dags/taxi_ingestion_dag.py
[2025-05-14T03:05:54.267+0000] {processor.py:830} INFO - Processing file /opt/airflow/dags/taxi_ingestion_dag.py for tasks to queue
[2025-05-14T03:05:54.268+0000] {logging_mixin.py:188} INFO - [2025-05-14T03:05:54.268+0000] {dagbag.py:538} INFO - Filling up the DagBag from /opt/airflow/dags/taxi_ingestion_dag.py
[2025-05-14T03:05:54.294+0000] {processor.py:840} INFO - DAG(s) 'yellow_taxi_pipeline' retrieved from /opt/airflow/dags/taxi_ingestion_dag.py
[2025-05-14T03:05:54.322+0000] {logging_mixin.py:188} INFO - [2025-05-14T03:05:54.321+0000] {dag.py:3036} INFO - Sync 1 DAGs
[2025-05-14T03:05:54.335+0000] {logging_mixin.py:188} INFO - [2025-05-14T03:05:54.335+0000] {dag.py:3823} INFO - Setting next_dagrun for yellow_taxi_pipeline to None, run_after=None
[2025-05-14T03:05:54.358+0000] {processor.py:183} INFO - Processing /opt/airflow/dags/taxi_ingestion_dag.py took 0.094 seconds
[2025-05-14T03:06:24.414+0000] {processor.py:161} INFO - Started process (PID=213) to work on /opt/airflow/dags/taxi_ingestion_dag.py
[2025-05-14T03:06:24.415+0000] {processor.py:830} INFO - Processing file /opt/airflow/dags/taxi_ingestion_dag.py for tasks to queue
[2025-05-14T03:06:24.415+0000] {logging_mixin.py:188} INFO - [2025-05-14T03:06:24.415+0000] {dagbag.py:538} INFO - Filling up the DagBag from /opt/airflow/dags/taxi_ingestion_dag.py
[2025-05-14T03:06:24.435+0000] {processor.py:840} INFO - DAG(s) 'yellow_taxi_pipeline' retrieved from /opt/airflow/dags/taxi_ingestion_dag.py
[2025-05-14T03:06:24.458+0000] {logging_mixin.py:188} INFO - [2025-05-14T03:06:24.458+0000] {dag.py:3036} INFO - Sync 1 DAGs
[2025-05-14T03:06:24.470+0000] {logging_mixin.py:188} INFO - [2025-05-14T03:06:24.470+0000] {dag.py:3823} INFO - Setting next_dagrun for yellow_taxi_pipeline to None, run_after=None
[2025-05-14T03:06:24.490+0000] {processor.py:183} INFO - Processing /opt/airflow/dags/taxi_ingestion_dag.py took 0.079 seconds
[2025-05-14T03:06:54.637+0000] {processor.py:161} INFO - Started process (PID=218) to work on /opt/airflow/dags/taxi_ingestion_dag.py
[2025-05-14T03:06:54.638+0000] {processor.py:830} INFO - Processing file /opt/airflow/dags/taxi_ingestion_dag.py for tasks to queue
[2025-05-14T03:06:54.639+0000] {logging_mixin.py:188} INFO - [2025-05-14T03:06:54.639+0000] {dagbag.py:538} INFO - Filling up the DagBag from /opt/airflow/dags/taxi_ingestion_dag.py
[2025-05-14T03:06:54.660+0000] {processor.py:840} INFO - DAG(s) 'yellow_taxi_pipeline' retrieved from /opt/airflow/dags/taxi_ingestion_dag.py
[2025-05-14T03:06:54.684+0000] {logging_mixin.py:188} INFO - [2025-05-14T03:06:54.684+0000] {dag.py:3036} INFO - Sync 1 DAGs
[2025-05-14T03:06:54.698+0000] {logging_mixin.py:188} INFO - [2025-05-14T03:06:54.697+0000] {dag.py:3823} INFO - Setting next_dagrun for yellow_taxi_pipeline to None, run_after=None
[2025-05-14T03:06:54.721+0000] {processor.py:183} INFO - Processing /opt/airflow/dags/taxi_ingestion_dag.py took 0.086 seconds
[2025-05-14T03:07:24.808+0000] {processor.py:161} INFO - Started process (PID=223) to work on /opt/airflow/dags/taxi_ingestion_dag.py
[2025-05-14T03:07:24.809+0000] {processor.py:830} INFO - Processing file /opt/airflow/dags/taxi_ingestion_dag.py for tasks to queue
[2025-05-14T03:07:24.809+0000] {logging_mixin.py:188} INFO - [2025-05-14T03:07:24.809+0000] {dagbag.py:538} INFO - Filling up the DagBag from /opt/airflow/dags/taxi_ingestion_dag.py
[2025-05-14T03:07:24.832+0000] {processor.py:840} INFO - DAG(s) 'yellow_taxi_pipeline' retrieved from /opt/airflow/dags/taxi_ingestion_dag.py
[2025-05-14T03:07:24.858+0000] {logging_mixin.py:188} INFO - [2025-05-14T03:07:24.858+0000] {dag.py:3036} INFO - Sync 1 DAGs
[2025-05-14T03:07:24.871+0000] {logging_mixin.py:188} INFO - [2025-05-14T03:07:24.871+0000] {dag.py:3823} INFO - Setting next_dagrun for yellow_taxi_pipeline to None, run_after=None
[2025-05-14T03:07:24.892+0000] {processor.py:183} INFO - Processing /opt/airflow/dags/taxi_ingestion_dag.py took 0.087 seconds
[2025-05-14T03:07:55.006+0000] {processor.py:161} INFO - Started process (PID=228) to work on /opt/airflow/dags/taxi_ingestion_dag.py
[2025-05-14T03:07:55.007+0000] {processor.py:830} INFO - Processing file /opt/airflow/dags/taxi_ingestion_dag.py for tasks to queue
[2025-05-14T03:07:55.008+0000] {logging_mixin.py:188} INFO - [2025-05-14T03:07:55.007+0000] {dagbag.py:538} INFO - Filling up the DagBag from /opt/airflow/dags/taxi_ingestion_dag.py
[2025-05-14T03:07:55.027+0000] {processor.py:840} INFO - DAG(s) 'yellow_taxi_pipeline' retrieved from /opt/airflow/dags/taxi_ingestion_dag.py
[2025-05-14T03:07:55.052+0000] {logging_mixin.py:188} INFO - [2025-05-14T03:07:55.052+0000] {dag.py:3036} INFO - Sync 1 DAGs
[2025-05-14T03:07:55.064+0000] {logging_mixin.py:188} INFO - [2025-05-14T03:07:55.063+0000] {dag.py:3823} INFO - Setting next_dagrun for yellow_taxi_pipeline to None, run_after=None
[2025-05-14T03:07:55.082+0000] {processor.py:183} INFO - Processing /opt/airflow/dags/taxi_ingestion_dag.py took 0.079 seconds
[2025-05-14T03:08:25.168+0000] {processor.py:161} INFO - Started process (PID=233) to work on /opt/airflow/dags/taxi_ingestion_dag.py
[2025-05-14T03:08:25.169+0000] {processor.py:830} INFO - Processing file /opt/airflow/dags/taxi_ingestion_dag.py for tasks to queue
[2025-05-14T03:08:25.170+0000] {logging_mixin.py:188} INFO - [2025-05-14T03:08:25.170+0000] {dagbag.py:538} INFO - Filling up the DagBag from /opt/airflow/dags/taxi_ingestion_dag.py
[2025-05-14T03:08:25.191+0000] {processor.py:840} INFO - DAG(s) 'yellow_taxi_pipeline' retrieved from /opt/airflow/dags/taxi_ingestion_dag.py
[2025-05-14T03:08:25.213+0000] {logging_mixin.py:188} INFO - [2025-05-14T03:08:25.213+0000] {dag.py:3036} INFO - Sync 1 DAGs
[2025-05-14T03:08:25.223+0000] {logging_mixin.py:188} INFO - [2025-05-14T03:08:25.223+0000] {dag.py:3823} INFO - Setting next_dagrun for yellow_taxi_pipeline to None, run_after=None
[2025-05-14T03:08:25.239+0000] {processor.py:183} INFO - Processing /opt/airflow/dags/taxi_ingestion_dag.py took 0.074 seconds
[2025-05-14T03:18:50.337+0000] {processor.py:161} INFO - Started process (PID=168) to work on /opt/airflow/dags/taxi_ingestion_dag.py
[2025-05-14T03:18:50.338+0000] {processor.py:830} INFO - Processing file /opt/airflow/dags/taxi_ingestion_dag.py for tasks to queue
[2025-05-14T03:18:50.339+0000] {logging_mixin.py:188} INFO - [2025-05-14T03:18:50.339+0000] {dagbag.py:538} INFO - Filling up the DagBag from /opt/airflow/dags/taxi_ingestion_dag.py
[2025-05-14T03:18:50.373+0000] {processor.py:840} INFO - DAG(s) 'yellow_taxi_pipeline' retrieved from /opt/airflow/dags/taxi_ingestion_dag.py
[2025-05-14T03:18:50.635+0000] {logging_mixin.py:188} INFO - [2025-05-14T03:18:50.634+0000] {override.py:1769} INFO - Created Permission View: can read on DAG:yellow_taxi_pipeline
[2025-05-14T03:18:50.649+0000] {logging_mixin.py:188} INFO - [2025-05-14T03:18:50.649+0000] {override.py:1769} INFO - Created Permission View: can delete on DAG:yellow_taxi_pipeline
[2025-05-14T03:18:50.658+0000] {logging_mixin.py:188} INFO - [2025-05-14T03:18:50.658+0000] {override.py:1769} INFO - Created Permission View: can edit on DAG:yellow_taxi_pipeline
[2025-05-14T03:18:50.659+0000] {logging_mixin.py:188} INFO - [2025-05-14T03:18:50.658+0000] {dag.py:3036} INFO - Sync 1 DAGs
[2025-05-14T03:18:50.670+0000] {logging_mixin.py:188} INFO - [2025-05-14T03:18:50.670+0000] {dag.py:3058} INFO - Creating ORM DAG for yellow_taxi_pipeline
[2025-05-14T03:18:50.671+0000] {logging_mixin.py:188} INFO - [2025-05-14T03:18:50.671+0000] {dag.py:3823} INFO - Setting next_dagrun for yellow_taxi_pipeline to None, run_after=None
[2025-05-14T03:18:50.693+0000] {processor.py:183} INFO - Processing /opt/airflow/dags/taxi_ingestion_dag.py took 0.361 seconds
[2025-05-14T03:19:20.845+0000] {processor.py:161} INFO - Started process (PID=211) to work on /opt/airflow/dags/taxi_ingestion_dag.py
[2025-05-14T03:19:20.846+0000] {processor.py:830} INFO - Processing file /opt/airflow/dags/taxi_ingestion_dag.py for tasks to queue
[2025-05-14T03:19:20.846+0000] {logging_mixin.py:188} INFO - [2025-05-14T03:19:20.846+0000] {dagbag.py:538} INFO - Filling up the DagBag from /opt/airflow/dags/taxi_ingestion_dag.py
[2025-05-14T03:19:20.869+0000] {processor.py:840} INFO - DAG(s) 'yellow_taxi_pipeline' retrieved from /opt/airflow/dags/taxi_ingestion_dag.py
[2025-05-14T03:19:20.889+0000] {logging_mixin.py:188} INFO - [2025-05-14T03:19:20.889+0000] {dag.py:3036} INFO - Sync 1 DAGs
[2025-05-14T03:19:20.902+0000] {logging_mixin.py:188} INFO - [2025-05-14T03:19:20.902+0000] {dag.py:3823} INFO - Setting next_dagrun for yellow_taxi_pipeline to None, run_after=None
[2025-05-14T03:19:20.936+0000] {processor.py:183} INFO - Processing /opt/airflow/dags/taxi_ingestion_dag.py took 0.094 seconds
[2025-05-14T03:19:50.986+0000] {processor.py:161} INFO - Started process (PID=216) to work on /opt/airflow/dags/taxi_ingestion_dag.py
[2025-05-14T03:19:50.987+0000] {processor.py:830} INFO - Processing file /opt/airflow/dags/taxi_ingestion_dag.py for tasks to queue
[2025-05-14T03:19:50.988+0000] {logging_mixin.py:188} INFO - [2025-05-14T03:19:50.987+0000] {dagbag.py:538} INFO - Filling up the DagBag from /opt/airflow/dags/taxi_ingestion_dag.py
[2025-05-14T03:19:51.010+0000] {processor.py:840} INFO - DAG(s) 'yellow_taxi_pipeline' retrieved from /opt/airflow/dags/taxi_ingestion_dag.py
[2025-05-14T03:19:51.035+0000] {logging_mixin.py:188} INFO - [2025-05-14T03:19:51.035+0000] {dag.py:3036} INFO - Sync 1 DAGs
[2025-05-14T03:19:51.048+0000] {logging_mixin.py:188} INFO - [2025-05-14T03:19:51.048+0000] {dag.py:3823} INFO - Setting next_dagrun for yellow_taxi_pipeline to None, run_after=None
[2025-05-14T03:19:51.070+0000] {processor.py:183} INFO - Processing /opt/airflow/dags/taxi_ingestion_dag.py took 0.087 seconds
[2025-05-14T03:20:21.213+0000] {processor.py:161} INFO - Started process (PID=221) to work on /opt/airflow/dags/taxi_ingestion_dag.py
[2025-05-14T03:20:21.213+0000] {processor.py:830} INFO - Processing file /opt/airflow/dags/taxi_ingestion_dag.py for tasks to queue
[2025-05-14T03:20:21.214+0000] {logging_mixin.py:188} INFO - [2025-05-14T03:20:21.214+0000] {dagbag.py:538} INFO - Filling up the DagBag from /opt/airflow/dags/taxi_ingestion_dag.py
[2025-05-14T03:20:21.235+0000] {processor.py:840} INFO - DAG(s) 'yellow_taxi_pipeline' retrieved from /opt/airflow/dags/taxi_ingestion_dag.py
[2025-05-14T03:20:21.259+0000] {logging_mixin.py:188} INFO - [2025-05-14T03:20:21.259+0000] {dag.py:3036} INFO - Sync 1 DAGs
[2025-05-14T03:20:21.271+0000] {logging_mixin.py:188} INFO - [2025-05-14T03:20:21.271+0000] {dag.py:3823} INFO - Setting next_dagrun for yellow_taxi_pipeline to None, run_after=None
[2025-05-14T03:20:21.291+0000] {processor.py:183} INFO - Processing /opt/airflow/dags/taxi_ingestion_dag.py took 0.080 seconds
[2025-05-14T03:26:56.284+0000] {processor.py:161} INFO - Started process (PID=168) to work on /opt/airflow/dags/taxi_ingestion_dag.py
[2025-05-14T03:26:56.285+0000] {processor.py:830} INFO - Processing file /opt/airflow/dags/taxi_ingestion_dag.py for tasks to queue
[2025-05-14T03:26:56.286+0000] {logging_mixin.py:188} INFO - [2025-05-14T03:26:56.286+0000] {dagbag.py:538} INFO - Filling up the DagBag from /opt/airflow/dags/taxi_ingestion_dag.py
[2025-05-14T03:26:56.319+0000] {processor.py:840} INFO - DAG(s) 'yellow_taxi_pipeline' retrieved from /opt/airflow/dags/taxi_ingestion_dag.py
[2025-05-14T03:26:56.622+0000] {logging_mixin.py:188} INFO - [2025-05-14T03:26:56.622+0000] {override.py:1769} INFO - Created Permission View: can read on DAG:yellow_taxi_pipeline
[2025-05-14T03:26:56.631+0000] {logging_mixin.py:188} INFO - [2025-05-14T03:26:56.631+0000] {override.py:1769} INFO - Created Permission View: can delete on DAG:yellow_taxi_pipeline
[2025-05-14T03:26:56.638+0000] {logging_mixin.py:188} INFO - [2025-05-14T03:26:56.638+0000] {override.py:1769} INFO - Created Permission View: can edit on DAG:yellow_taxi_pipeline
[2025-05-14T03:26:56.639+0000] {logging_mixin.py:188} INFO - [2025-05-14T03:26:56.639+0000] {dag.py:3036} INFO - Sync 1 DAGs
[2025-05-14T03:26:56.648+0000] {logging_mixin.py:188} INFO - [2025-05-14T03:26:56.648+0000] {dag.py:3058} INFO - Creating ORM DAG for yellow_taxi_pipeline
[2025-05-14T03:26:56.649+0000] {logging_mixin.py:188} INFO - [2025-05-14T03:26:56.649+0000] {dag.py:3823} INFO - Setting next_dagrun for yellow_taxi_pipeline to None, run_after=None
[2025-05-14T03:26:56.670+0000] {processor.py:183} INFO - Processing /opt/airflow/dags/taxi_ingestion_dag.py took 0.394 seconds
[2025-05-14T03:27:26.824+0000] {processor.py:161} INFO - Started process (PID=173) to work on /opt/airflow/dags/taxi_ingestion_dag.py
[2025-05-14T03:27:26.825+0000] {processor.py:830} INFO - Processing file /opt/airflow/dags/taxi_ingestion_dag.py for tasks to queue
[2025-05-14T03:27:26.826+0000] {logging_mixin.py:188} INFO - [2025-05-14T03:27:26.826+0000] {dagbag.py:538} INFO - Filling up the DagBag from /opt/airflow/dags/taxi_ingestion_dag.py
[2025-05-14T03:27:26.853+0000] {processor.py:840} INFO - DAG(s) 'yellow_taxi_pipeline' retrieved from /opt/airflow/dags/taxi_ingestion_dag.py
[2025-05-14T03:27:26.878+0000] {logging_mixin.py:188} INFO - [2025-05-14T03:27:26.877+0000] {dag.py:3036} INFO - Sync 1 DAGs
[2025-05-14T03:27:26.890+0000] {logging_mixin.py:188} INFO - [2025-05-14T03:27:26.890+0000] {dag.py:3823} INFO - Setting next_dagrun for yellow_taxi_pipeline to None, run_after=None
[2025-05-14T03:27:26.911+0000] {processor.py:183} INFO - Processing /opt/airflow/dags/taxi_ingestion_dag.py took 0.090 seconds
[2025-05-14T03:27:56.960+0000] {processor.py:161} INFO - Started process (PID=216) to work on /opt/airflow/dags/taxi_ingestion_dag.py
[2025-05-14T03:27:56.961+0000] {processor.py:830} INFO - Processing file /opt/airflow/dags/taxi_ingestion_dag.py for tasks to queue
[2025-05-14T03:27:56.962+0000] {logging_mixin.py:188} INFO - [2025-05-14T03:27:56.961+0000] {dagbag.py:538} INFO - Filling up the DagBag from /opt/airflow/dags/taxi_ingestion_dag.py
[2025-05-14T03:27:56.981+0000] {processor.py:840} INFO - DAG(s) 'yellow_taxi_pipeline' retrieved from /opt/airflow/dags/taxi_ingestion_dag.py
[2025-05-14T03:27:57.003+0000] {logging_mixin.py:188} INFO - [2025-05-14T03:27:57.003+0000] {dag.py:3036} INFO - Sync 1 DAGs
[2025-05-14T03:27:57.014+0000] {logging_mixin.py:188} INFO - [2025-05-14T03:27:57.014+0000] {dag.py:3823} INFO - Setting next_dagrun for yellow_taxi_pipeline to None, run_after=None
[2025-05-14T03:27:57.031+0000] {processor.py:183} INFO - Processing /opt/airflow/dags/taxi_ingestion_dag.py took 0.074 seconds
[2025-05-14T03:28:27.185+0000] {processor.py:161} INFO - Started process (PID=221) to work on /opt/airflow/dags/taxi_ingestion_dag.py
[2025-05-14T03:28:27.186+0000] {processor.py:830} INFO - Processing file /opt/airflow/dags/taxi_ingestion_dag.py for tasks to queue
[2025-05-14T03:28:27.187+0000] {logging_mixin.py:188} INFO - [2025-05-14T03:28:27.186+0000] {dagbag.py:538} INFO - Filling up the DagBag from /opt/airflow/dags/taxi_ingestion_dag.py
[2025-05-14T03:28:27.205+0000] {processor.py:840} INFO - DAG(s) 'yellow_taxi_pipeline' retrieved from /opt/airflow/dags/taxi_ingestion_dag.py
[2025-05-14T03:28:27.225+0000] {logging_mixin.py:188} INFO - [2025-05-14T03:28:27.225+0000] {dag.py:3036} INFO - Sync 1 DAGs
[2025-05-14T03:28:27.236+0000] {logging_mixin.py:188} INFO - [2025-05-14T03:28:27.235+0000] {dag.py:3823} INFO - Setting next_dagrun for yellow_taxi_pipeline to None, run_after=None
[2025-05-14T03:28:27.255+0000] {processor.py:183} INFO - Processing /opt/airflow/dags/taxi_ingestion_dag.py took 0.072 seconds
[2025-05-14T03:28:57.343+0000] {processor.py:161} INFO - Started process (PID=226) to work on /opt/airflow/dags/taxi_ingestion_dag.py
[2025-05-14T03:28:57.344+0000] {processor.py:830} INFO - Processing file /opt/airflow/dags/taxi_ingestion_dag.py for tasks to queue
[2025-05-14T03:28:57.345+0000] {logging_mixin.py:188} INFO - [2025-05-14T03:28:57.344+0000] {dagbag.py:538} INFO - Filling up the DagBag from /opt/airflow/dags/taxi_ingestion_dag.py
[2025-05-14T03:28:57.364+0000] {processor.py:840} INFO - DAG(s) 'yellow_taxi_pipeline' retrieved from /opt/airflow/dags/taxi_ingestion_dag.py
[2025-05-14T03:28:57.390+0000] {logging_mixin.py:188} INFO - [2025-05-14T03:28:57.389+0000] {dag.py:3036} INFO - Sync 1 DAGs
[2025-05-14T03:28:57.401+0000] {logging_mixin.py:188} INFO - [2025-05-14T03:28:57.400+0000] {dag.py:3823} INFO - Setting next_dagrun for yellow_taxi_pipeline to None, run_after=None
[2025-05-14T03:28:57.419+0000] {processor.py:183} INFO - Processing /opt/airflow/dags/taxi_ingestion_dag.py took 0.080 seconds
[2025-05-14T03:29:27.541+0000] {processor.py:161} INFO - Started process (PID=231) to work on /opt/airflow/dags/taxi_ingestion_dag.py
[2025-05-14T03:29:27.542+0000] {processor.py:830} INFO - Processing file /opt/airflow/dags/taxi_ingestion_dag.py for tasks to queue
[2025-05-14T03:29:27.543+0000] {logging_mixin.py:188} INFO - [2025-05-14T03:29:27.542+0000] {dagbag.py:538} INFO - Filling up the DagBag from /opt/airflow/dags/taxi_ingestion_dag.py
[2025-05-14T03:29:27.566+0000] {processor.py:840} INFO - DAG(s) 'yellow_taxi_pipeline' retrieved from /opt/airflow/dags/taxi_ingestion_dag.py
[2025-05-14T03:29:27.595+0000] {logging_mixin.py:188} INFO - [2025-05-14T03:29:27.594+0000] {dag.py:3036} INFO - Sync 1 DAGs
[2025-05-14T03:29:27.609+0000] {logging_mixin.py:188} INFO - [2025-05-14T03:29:27.609+0000] {dag.py:3823} INFO - Setting next_dagrun for yellow_taxi_pipeline to None, run_after=None
[2025-05-14T03:29:27.631+0000] {processor.py:183} INFO - Processing /opt/airflow/dags/taxi_ingestion_dag.py took 0.094 seconds
[2025-05-14T03:29:57.695+0000] {processor.py:161} INFO - Started process (PID=236) to work on /opt/airflow/dags/taxi_ingestion_dag.py
[2025-05-14T03:29:57.696+0000] {processor.py:830} INFO - Processing file /opt/airflow/dags/taxi_ingestion_dag.py for tasks to queue
[2025-05-14T03:29:57.697+0000] {logging_mixin.py:188} INFO - [2025-05-14T03:29:57.697+0000] {dagbag.py:538} INFO - Filling up the DagBag from /opt/airflow/dags/taxi_ingestion_dag.py
[2025-05-14T03:29:57.717+0000] {processor.py:840} INFO - DAG(s) 'yellow_taxi_pipeline' retrieved from /opt/airflow/dags/taxi_ingestion_dag.py
[2025-05-14T03:29:57.744+0000] {logging_mixin.py:188} INFO - [2025-05-14T03:29:57.744+0000] {dag.py:3036} INFO - Sync 1 DAGs
[2025-05-14T03:29:57.755+0000] {logging_mixin.py:188} INFO - [2025-05-14T03:29:57.755+0000] {dag.py:3823} INFO - Setting next_dagrun for yellow_taxi_pipeline to None, run_after=None
[2025-05-14T03:29:57.774+0000] {processor.py:183} INFO - Processing /opt/airflow/dags/taxi_ingestion_dag.py took 0.083 seconds
[2025-05-14T03:30:31.747+0000] {processor.py:161} INFO - Started process (PID=168) to work on /opt/airflow/dags/taxi_ingestion_dag.py
[2025-05-14T03:30:31.748+0000] {processor.py:830} INFO - Processing file /opt/airflow/dags/taxi_ingestion_dag.py for tasks to queue
[2025-05-14T03:30:31.749+0000] {logging_mixin.py:188} INFO - [2025-05-14T03:30:31.749+0000] {dagbag.py:538} INFO - Filling up the DagBag from /opt/airflow/dags/taxi_ingestion_dag.py
[2025-05-14T03:30:31.782+0000] {processor.py:840} INFO - DAG(s) 'yellow_taxi_pipeline' retrieved from /opt/airflow/dags/taxi_ingestion_dag.py
[2025-05-14T03:30:32.018+0000] {logging_mixin.py:188} INFO - [2025-05-14T03:30:32.018+0000] {override.py:1769} INFO - Created Permission View: can read on DAG:yellow_taxi_pipeline
[2025-05-14T03:30:32.027+0000] {logging_mixin.py:188} INFO - [2025-05-14T03:30:32.027+0000] {override.py:1769} INFO - Created Permission View: can edit on DAG:yellow_taxi_pipeline
[2025-05-14T03:30:32.034+0000] {logging_mixin.py:188} INFO - [2025-05-14T03:30:32.033+0000] {override.py:1769} INFO - Created Permission View: can delete on DAG:yellow_taxi_pipeline
[2025-05-14T03:30:32.034+0000] {logging_mixin.py:188} INFO - [2025-05-14T03:30:32.034+0000] {dag.py:3036} INFO - Sync 1 DAGs
[2025-05-14T03:30:32.044+0000] {logging_mixin.py:188} INFO - [2025-05-14T03:30:32.044+0000] {dag.py:3058} INFO - Creating ORM DAG for yellow_taxi_pipeline
[2025-05-14T03:30:32.045+0000] {logging_mixin.py:188} INFO - [2025-05-14T03:30:32.045+0000] {dag.py:3823} INFO - Setting next_dagrun for yellow_taxi_pipeline to None, run_after=None
[2025-05-14T03:30:32.066+0000] {processor.py:183} INFO - Processing /opt/airflow/dags/taxi_ingestion_dag.py took 0.322 seconds
[2025-05-14T03:31:02.211+0000] {processor.py:161} INFO - Started process (PID=173) to work on /opt/airflow/dags/taxi_ingestion_dag.py
[2025-05-14T03:31:02.213+0000] {processor.py:830} INFO - Processing file /opt/airflow/dags/taxi_ingestion_dag.py for tasks to queue
[2025-05-14T03:31:02.213+0000] {logging_mixin.py:188} INFO - [2025-05-14T03:31:02.213+0000] {dagbag.py:538} INFO - Filling up the DagBag from /opt/airflow/dags/taxi_ingestion_dag.py
[2025-05-14T03:31:02.237+0000] {processor.py:840} INFO - DAG(s) 'yellow_taxi_pipeline' retrieved from /opt/airflow/dags/taxi_ingestion_dag.py
[2025-05-14T03:31:02.262+0000] {logging_mixin.py:188} INFO - [2025-05-14T03:31:02.262+0000] {dag.py:3036} INFO - Sync 1 DAGs
[2025-05-14T03:31:02.274+0000] {logging_mixin.py:188} INFO - [2025-05-14T03:31:02.274+0000] {dag.py:3823} INFO - Setting next_dagrun for yellow_taxi_pipeline to None, run_after=None
[2025-05-14T03:31:02.292+0000] {processor.py:183} INFO - Processing /opt/airflow/dags/taxi_ingestion_dag.py took 0.083 seconds
[2025-05-14T03:31:32.362+0000] {processor.py:161} INFO - Started process (PID=216) to work on /opt/airflow/dags/taxi_ingestion_dag.py
[2025-05-14T03:31:32.363+0000] {processor.py:830} INFO - Processing file /opt/airflow/dags/taxi_ingestion_dag.py for tasks to queue
[2025-05-14T03:31:32.364+0000] {logging_mixin.py:188} INFO - [2025-05-14T03:31:32.364+0000] {dagbag.py:538} INFO - Filling up the DagBag from /opt/airflow/dags/taxi_ingestion_dag.py
[2025-05-14T03:31:32.385+0000] {processor.py:840} INFO - DAG(s) 'yellow_taxi_pipeline' retrieved from /opt/airflow/dags/taxi_ingestion_dag.py
[2025-05-14T03:31:32.408+0000] {logging_mixin.py:188} INFO - [2025-05-14T03:31:32.408+0000] {dag.py:3036} INFO - Sync 1 DAGs
[2025-05-14T03:31:32.421+0000] {logging_mixin.py:188} INFO - [2025-05-14T03:31:32.421+0000] {dag.py:3823} INFO - Setting next_dagrun for yellow_taxi_pipeline to None, run_after=None
[2025-05-14T03:31:32.441+0000] {processor.py:183} INFO - Processing /opt/airflow/dags/taxi_ingestion_dag.py took 0.082 seconds
[2025-05-14T03:32:02.577+0000] {processor.py:161} INFO - Started process (PID=221) to work on /opt/airflow/dags/taxi_ingestion_dag.py
[2025-05-14T03:32:02.578+0000] {processor.py:830} INFO - Processing file /opt/airflow/dags/taxi_ingestion_dag.py for tasks to queue
[2025-05-14T03:32:02.579+0000] {logging_mixin.py:188} INFO - [2025-05-14T03:32:02.578+0000] {dagbag.py:538} INFO - Filling up the DagBag from /opt/airflow/dags/taxi_ingestion_dag.py
[2025-05-14T03:32:02.600+0000] {processor.py:840} INFO - DAG(s) 'yellow_taxi_pipeline' retrieved from /opt/airflow/dags/taxi_ingestion_dag.py
[2025-05-14T03:32:02.623+0000] {logging_mixin.py:188} INFO - [2025-05-14T03:32:02.623+0000] {dag.py:3036} INFO - Sync 1 DAGs
[2025-05-14T03:32:02.635+0000] {logging_mixin.py:188} INFO - [2025-05-14T03:32:02.634+0000] {dag.py:3823} INFO - Setting next_dagrun for yellow_taxi_pipeline to None, run_after=None
[2025-05-14T03:32:02.654+0000] {processor.py:183} INFO - Processing /opt/airflow/dags/taxi_ingestion_dag.py took 0.081 seconds
[2025-05-14T03:32:32.740+0000] {processor.py:161} INFO - Started process (PID=226) to work on /opt/airflow/dags/taxi_ingestion_dag.py
[2025-05-14T03:32:32.741+0000] {processor.py:830} INFO - Processing file /opt/airflow/dags/taxi_ingestion_dag.py for tasks to queue
[2025-05-14T03:32:32.742+0000] {logging_mixin.py:188} INFO - [2025-05-14T03:32:32.742+0000] {dagbag.py:538} INFO - Filling up the DagBag from /opt/airflow/dags/taxi_ingestion_dag.py
[2025-05-14T03:32:32.766+0000] {processor.py:840} INFO - DAG(s) 'yellow_taxi_pipeline' retrieved from /opt/airflow/dags/taxi_ingestion_dag.py
[2025-05-14T03:32:32.797+0000] {logging_mixin.py:188} INFO - [2025-05-14T03:32:32.796+0000] {dag.py:3036} INFO - Sync 1 DAGs
[2025-05-14T03:32:32.810+0000] {logging_mixin.py:188} INFO - [2025-05-14T03:32:32.810+0000] {dag.py:3823} INFO - Setting next_dagrun for yellow_taxi_pipeline to None, run_after=None
[2025-05-14T03:32:32.831+0000] {processor.py:183} INFO - Processing /opt/airflow/dags/taxi_ingestion_dag.py took 0.094 seconds
[2025-05-14T03:33:02.946+0000] {processor.py:161} INFO - Started process (PID=231) to work on /opt/airflow/dags/taxi_ingestion_dag.py
[2025-05-14T03:33:02.947+0000] {processor.py:830} INFO - Processing file /opt/airflow/dags/taxi_ingestion_dag.py for tasks to queue
[2025-05-14T03:33:02.948+0000] {logging_mixin.py:188} INFO - [2025-05-14T03:33:02.948+0000] {dagbag.py:538} INFO - Filling up the DagBag from /opt/airflow/dags/taxi_ingestion_dag.py
[2025-05-14T03:33:02.968+0000] {processor.py:840} INFO - DAG(s) 'yellow_taxi_pipeline' retrieved from /opt/airflow/dags/taxi_ingestion_dag.py
[2025-05-14T03:33:02.990+0000] {logging_mixin.py:188} INFO - [2025-05-14T03:33:02.990+0000] {dag.py:3036} INFO - Sync 1 DAGs
[2025-05-14T03:33:03.002+0000] {logging_mixin.py:188} INFO - [2025-05-14T03:33:03.001+0000] {dag.py:3823} INFO - Setting next_dagrun for yellow_taxi_pipeline to None, run_after=None
[2025-05-14T03:33:03.019+0000] {processor.py:183} INFO - Processing /opt/airflow/dags/taxi_ingestion_dag.py took 0.077 seconds
[2025-05-14T03:33:33.114+0000] {processor.py:161} INFO - Started process (PID=236) to work on /opt/airflow/dags/taxi_ingestion_dag.py
[2025-05-14T03:33:33.115+0000] {processor.py:830} INFO - Processing file /opt/airflow/dags/taxi_ingestion_dag.py for tasks to queue
[2025-05-14T03:33:33.116+0000] {logging_mixin.py:188} INFO - [2025-05-14T03:33:33.116+0000] {dagbag.py:538} INFO - Filling up the DagBag from /opt/airflow/dags/taxi_ingestion_dag.py
[2025-05-14T03:33:33.138+0000] {processor.py:840} INFO - DAG(s) 'yellow_taxi_pipeline' retrieved from /opt/airflow/dags/taxi_ingestion_dag.py
[2025-05-14T03:33:33.163+0000] {logging_mixin.py:188} INFO - [2025-05-14T03:33:33.163+0000] {dag.py:3036} INFO - Sync 1 DAGs
[2025-05-14T03:33:33.175+0000] {logging_mixin.py:188} INFO - [2025-05-14T03:33:33.174+0000] {dag.py:3823} INFO - Setting next_dagrun for yellow_taxi_pipeline to None, run_after=None
[2025-05-14T03:33:33.194+0000] {processor.py:183} INFO - Processing /opt/airflow/dags/taxi_ingestion_dag.py took 0.082 seconds
[2025-05-14T03:34:03.300+0000] {processor.py:161} INFO - Started process (PID=241) to work on /opt/airflow/dags/taxi_ingestion_dag.py
[2025-05-14T03:34:03.301+0000] {processor.py:830} INFO - Processing file /opt/airflow/dags/taxi_ingestion_dag.py for tasks to queue
[2025-05-14T03:34:03.302+0000] {logging_mixin.py:188} INFO - [2025-05-14T03:34:03.302+0000] {dagbag.py:538} INFO - Filling up the DagBag from /opt/airflow/dags/taxi_ingestion_dag.py
[2025-05-14T03:34:03.325+0000] {processor.py:840} INFO - DAG(s) 'yellow_taxi_pipeline' retrieved from /opt/airflow/dags/taxi_ingestion_dag.py
[2025-05-14T03:34:03.347+0000] {logging_mixin.py:188} INFO - [2025-05-14T03:34:03.347+0000] {dag.py:3036} INFO - Sync 1 DAGs
[2025-05-14T03:34:03.359+0000] {logging_mixin.py:188} INFO - [2025-05-14T03:34:03.359+0000] {dag.py:3823} INFO - Setting next_dagrun for yellow_taxi_pipeline to None, run_after=None
[2025-05-14T03:34:03.380+0000] {processor.py:183} INFO - Processing /opt/airflow/dags/taxi_ingestion_dag.py took 0.083 seconds
[2025-05-14T03:34:33.484+0000] {processor.py:161} INFO - Started process (PID=246) to work on /opt/airflow/dags/taxi_ingestion_dag.py
[2025-05-14T03:34:33.485+0000] {processor.py:830} INFO - Processing file /opt/airflow/dags/taxi_ingestion_dag.py for tasks to queue
[2025-05-14T03:34:33.486+0000] {logging_mixin.py:188} INFO - [2025-05-14T03:34:33.485+0000] {dagbag.py:538} INFO - Filling up the DagBag from /opt/airflow/dags/taxi_ingestion_dag.py
[2025-05-14T03:34:33.507+0000] {processor.py:840} INFO - DAG(s) 'yellow_taxi_pipeline' retrieved from /opt/airflow/dags/taxi_ingestion_dag.py
[2025-05-14T03:34:33.528+0000] {logging_mixin.py:188} INFO - [2025-05-14T03:34:33.528+0000] {dag.py:3036} INFO - Sync 1 DAGs
[2025-05-14T03:34:33.539+0000] {logging_mixin.py:188} INFO - [2025-05-14T03:34:33.539+0000] {dag.py:3823} INFO - Setting next_dagrun for yellow_taxi_pipeline to None, run_after=None
[2025-05-14T03:34:33.559+0000] {processor.py:183} INFO - Processing /opt/airflow/dags/taxi_ingestion_dag.py took 0.078 seconds
[2025-05-14T03:41:41.219+0000] {processor.py:161} INFO - Started process (PID=168) to work on /opt/airflow/dags/taxi_ingestion_dag.py
[2025-05-14T03:41:41.220+0000] {processor.py:830} INFO - Processing file /opt/airflow/dags/taxi_ingestion_dag.py for tasks to queue
[2025-05-14T03:41:41.223+0000] {logging_mixin.py:188} INFO - [2025-05-14T03:41:41.223+0000] {dagbag.py:538} INFO - Filling up the DagBag from /opt/airflow/dags/taxi_ingestion_dag.py
[2025-05-14T03:41:41.263+0000] {processor.py:840} INFO - DAG(s) 'yellow_taxi_pipeline' retrieved from /opt/airflow/dags/taxi_ingestion_dag.py
[2025-05-14T03:41:41.655+0000] {logging_mixin.py:188} INFO - [2025-05-14T03:41:41.654+0000] {override.py:1769} INFO - Created Permission View: can edit on DAG:yellow_taxi_pipeline
[2025-05-14T03:41:41.687+0000] {logging_mixin.py:188} INFO - [2025-05-14T03:41:41.686+0000] {override.py:1769} INFO - Created Permission View: can read on DAG:yellow_taxi_pipeline
[2025-05-14T03:41:41.720+0000] {logging_mixin.py:188} INFO - [2025-05-14T03:41:41.719+0000] {override.py:1769} INFO - Created Permission View: can delete on DAG:yellow_taxi_pipeline
[2025-05-14T03:41:41.721+0000] {logging_mixin.py:188} INFO - [2025-05-14T03:41:41.720+0000] {dag.py:3036} INFO - Sync 1 DAGs
[2025-05-14T03:41:41.733+0000] {logging_mixin.py:188} INFO - [2025-05-14T03:41:41.733+0000] {dag.py:3058} INFO - Creating ORM DAG for yellow_taxi_pipeline
[2025-05-14T03:41:41.734+0000] {logging_mixin.py:188} INFO - [2025-05-14T03:41:41.734+0000] {dag.py:3823} INFO - Setting next_dagrun for yellow_taxi_pipeline to None, run_after=None
[2025-05-14T03:41:41.768+0000] {processor.py:183} INFO - Processing /opt/airflow/dags/taxi_ingestion_dag.py took 0.553 seconds
[2025-05-14T03:42:11.923+0000] {processor.py:161} INFO - Started process (PID=173) to work on /opt/airflow/dags/taxi_ingestion_dag.py
[2025-05-14T03:42:11.924+0000] {processor.py:830} INFO - Processing file /opt/airflow/dags/taxi_ingestion_dag.py for tasks to queue
[2025-05-14T03:42:11.925+0000] {logging_mixin.py:188} INFO - [2025-05-14T03:42:11.925+0000] {dagbag.py:538} INFO - Filling up the DagBag from /opt/airflow/dags/taxi_ingestion_dag.py
[2025-05-14T03:42:11.958+0000] {processor.py:840} INFO - DAG(s) 'yellow_taxi_pipeline' retrieved from /opt/airflow/dags/taxi_ingestion_dag.py
[2025-05-14T03:42:11.981+0000] {logging_mixin.py:188} INFO - [2025-05-14T03:42:11.981+0000] {dag.py:3036} INFO - Sync 1 DAGs
[2025-05-14T03:42:11.992+0000] {logging_mixin.py:188} INFO - [2025-05-14T03:42:11.992+0000] {dag.py:3823} INFO - Setting next_dagrun for yellow_taxi_pipeline to None, run_after=None
[2025-05-14T03:42:12.010+0000] {processor.py:183} INFO - Processing /opt/airflow/dags/taxi_ingestion_dag.py took 0.090 seconds
[2025-05-14T03:42:42.064+0000] {processor.py:161} INFO - Started process (PID=357) to work on /opt/airflow/dags/taxi_ingestion_dag.py
[2025-05-14T03:42:42.065+0000] {processor.py:830} INFO - Processing file /opt/airflow/dags/taxi_ingestion_dag.py for tasks to queue
[2025-05-14T03:42:42.066+0000] {logging_mixin.py:188} INFO - [2025-05-14T03:42:42.065+0000] {dagbag.py:538} INFO - Filling up the DagBag from /opt/airflow/dags/taxi_ingestion_dag.py
[2025-05-14T03:42:42.085+0000] {processor.py:840} INFO - DAG(s) 'yellow_taxi_pipeline' retrieved from /opt/airflow/dags/taxi_ingestion_dag.py
[2025-05-14T03:42:42.108+0000] {logging_mixin.py:188} INFO - [2025-05-14T03:42:42.108+0000] {dag.py:3036} INFO - Sync 1 DAGs
[2025-05-14T03:42:42.119+0000] {logging_mixin.py:188} INFO - [2025-05-14T03:42:42.119+0000] {dag.py:3823} INFO - Setting next_dagrun for yellow_taxi_pipeline to None, run_after=None
[2025-05-14T03:42:42.140+0000] {processor.py:183} INFO - Processing /opt/airflow/dags/taxi_ingestion_dag.py took 0.079 seconds
[2025-05-14T03:43:12.304+0000] {processor.py:161} INFO - Started process (PID=362) to work on /opt/airflow/dags/taxi_ingestion_dag.py
[2025-05-14T03:43:12.305+0000] {processor.py:830} INFO - Processing file /opt/airflow/dags/taxi_ingestion_dag.py for tasks to queue
[2025-05-14T03:43:12.306+0000] {logging_mixin.py:188} INFO - [2025-05-14T03:43:12.305+0000] {dagbag.py:538} INFO - Filling up the DagBag from /opt/airflow/dags/taxi_ingestion_dag.py
[2025-05-14T03:43:12.324+0000] {processor.py:840} INFO - DAG(s) 'yellow_taxi_pipeline' retrieved from /opt/airflow/dags/taxi_ingestion_dag.py
[2025-05-14T03:43:12.344+0000] {logging_mixin.py:188} INFO - [2025-05-14T03:43:12.344+0000] {dag.py:3036} INFO - Sync 1 DAGs
[2025-05-14T03:43:12.356+0000] {logging_mixin.py:188} INFO - [2025-05-14T03:43:12.356+0000] {dag.py:3823} INFO - Setting next_dagrun for yellow_taxi_pipeline to None, run_after=None
[2025-05-14T03:43:12.373+0000] {processor.py:183} INFO - Processing /opt/airflow/dags/taxi_ingestion_dag.py took 0.072 seconds
[2025-05-14T03:43:42.454+0000] {processor.py:161} INFO - Started process (PID=367) to work on /opt/airflow/dags/taxi_ingestion_dag.py
[2025-05-14T03:43:42.455+0000] {processor.py:830} INFO - Processing file /opt/airflow/dags/taxi_ingestion_dag.py for tasks to queue
[2025-05-14T03:43:42.456+0000] {logging_mixin.py:188} INFO - [2025-05-14T03:43:42.455+0000] {dagbag.py:538} INFO - Filling up the DagBag from /opt/airflow/dags/taxi_ingestion_dag.py
[2025-05-14T03:43:42.476+0000] {processor.py:840} INFO - DAG(s) 'yellow_taxi_pipeline' retrieved from /opt/airflow/dags/taxi_ingestion_dag.py
[2025-05-14T03:43:42.501+0000] {logging_mixin.py:188} INFO - [2025-05-14T03:43:42.501+0000] {dag.py:3036} INFO - Sync 1 DAGs
[2025-05-14T03:43:42.515+0000] {logging_mixin.py:188} INFO - [2025-05-14T03:43:42.515+0000] {dag.py:3823} INFO - Setting next_dagrun for yellow_taxi_pipeline to None, run_after=None
[2025-05-14T03:43:42.535+0000] {processor.py:183} INFO - Processing /opt/airflow/dags/taxi_ingestion_dag.py took 0.084 seconds
[2025-05-14T03:44:12.662+0000] {processor.py:161} INFO - Started process (PID=372) to work on /opt/airflow/dags/taxi_ingestion_dag.py
[2025-05-14T03:44:12.663+0000] {processor.py:830} INFO - Processing file /opt/airflow/dags/taxi_ingestion_dag.py for tasks to queue
[2025-05-14T03:44:12.664+0000] {logging_mixin.py:188} INFO - [2025-05-14T03:44:12.664+0000] {dagbag.py:538} INFO - Filling up the DagBag from /opt/airflow/dags/taxi_ingestion_dag.py
[2025-05-14T03:44:12.688+0000] {processor.py:840} INFO - DAG(s) 'yellow_taxi_pipeline' retrieved from /opt/airflow/dags/taxi_ingestion_dag.py
[2025-05-14T03:44:12.713+0000] {logging_mixin.py:188} INFO - [2025-05-14T03:44:12.713+0000] {dag.py:3036} INFO - Sync 1 DAGs
[2025-05-14T03:44:12.725+0000] {logging_mixin.py:188} INFO - [2025-05-14T03:44:12.725+0000] {dag.py:3823} INFO - Setting next_dagrun for yellow_taxi_pipeline to None, run_after=None
[2025-05-14T03:44:12.744+0000] {processor.py:183} INFO - Processing /opt/airflow/dags/taxi_ingestion_dag.py took 0.085 seconds
[2025-05-14T03:44:42.821+0000] {processor.py:161} INFO - Started process (PID=377) to work on /opt/airflow/dags/taxi_ingestion_dag.py
[2025-05-14T03:44:42.822+0000] {processor.py:830} INFO - Processing file /opt/airflow/dags/taxi_ingestion_dag.py for tasks to queue
[2025-05-14T03:44:42.823+0000] {logging_mixin.py:188} INFO - [2025-05-14T03:44:42.823+0000] {dagbag.py:538} INFO - Filling up the DagBag from /opt/airflow/dags/taxi_ingestion_dag.py
[2025-05-14T03:44:42.843+0000] {processor.py:840} INFO - DAG(s) 'yellow_taxi_pipeline' retrieved from /opt/airflow/dags/taxi_ingestion_dag.py
[2025-05-14T03:44:42.873+0000] {logging_mixin.py:188} INFO - [2025-05-14T03:44:42.872+0000] {dag.py:3036} INFO - Sync 1 DAGs
[2025-05-14T03:44:42.886+0000] {logging_mixin.py:188} INFO - [2025-05-14T03:44:42.885+0000] {dag.py:3823} INFO - Setting next_dagrun for yellow_taxi_pipeline to None, run_after=None
[2025-05-14T03:44:42.908+0000] {processor.py:183} INFO - Processing /opt/airflow/dags/taxi_ingestion_dag.py took 0.090 seconds
[2025-05-14T03:45:13.034+0000] {processor.py:161} INFO - Started process (PID=382) to work on /opt/airflow/dags/taxi_ingestion_dag.py
[2025-05-14T03:45:13.035+0000] {processor.py:830} INFO - Processing file /opt/airflow/dags/taxi_ingestion_dag.py for tasks to queue
[2025-05-14T03:45:13.036+0000] {logging_mixin.py:188} INFO - [2025-05-14T03:45:13.036+0000] {dagbag.py:538} INFO - Filling up the DagBag from /opt/airflow/dags/taxi_ingestion_dag.py
[2025-05-14T03:45:13.064+0000] {processor.py:840} INFO - DAG(s) 'yellow_taxi_pipeline' retrieved from /opt/airflow/dags/taxi_ingestion_dag.py
[2025-05-14T03:45:13.095+0000] {logging_mixin.py:188} INFO - [2025-05-14T03:45:13.095+0000] {dag.py:3036} INFO - Sync 1 DAGs
[2025-05-14T03:45:13.108+0000] {logging_mixin.py:188} INFO - [2025-05-14T03:45:13.107+0000] {dag.py:3823} INFO - Setting next_dagrun for yellow_taxi_pipeline to None, run_after=None
[2025-05-14T03:45:13.129+0000] {processor.py:183} INFO - Processing /opt/airflow/dags/taxi_ingestion_dag.py took 0.100 seconds
